<?xml version="1.0" encoding="UTF-8"?>
<testng-results skipped="0" failed="0" ignored="0" total="1" passed="1">
  <reporter-output>
  </reporter-output>
  <suite name="General Store" duration-ms="44458" started-at="2021-09-01T21:03:34 BDT" finished-at="2021-09-01T21:04:19 BDT">
    <groups>
    </groups>
    <test name="generalStoreEcommerceApp" duration-ms="44458" started-at="2021-09-01T21:03:34 BDT" finished-at="2021-09-01T21:04:19 BDT">
      <class name="auntor.project.testCases.LoginModule.loginModuleTest">
        <test-method status="PASS" signature="appSetUp()[pri:0, instance:auntor.project.testCases.LoginModule.loginModuleTest@5622fdf]" name="appSetUp" is-config="true" duration-ms="24705" started-at="2021-09-01T21:03:35 BDT" finished-at="2021-09-01T21:03:59 BDT">
          <reporter-output>
          </reporter-output>
        </test-method> <!-- appSetUp -->
        <test-method status="PASS" signature="loginToApp()[pri:0, instance:auntor.project.testCases.LoginModule.loginModuleTest@5622fdf]" name="loginToApp" duration-ms="19309" started-at="2021-09-01T21:03:59 BDT" finished-at="2021-09-01T21:04:19 BDT">
          <reporter-output>
          </reporter-output>
        </test-method> <!-- loginToApp -->
        <test-method status="PASS" signature="tearDown()[pri:0, instance:auntor.project.testCases.LoginModule.loginModuleTest@5622fdf]" name="tearDown" is-config="true" duration-ms="200" started-at="2021-09-01T21:04:19 BDT" finished-at="2021-09-01T21:04:19 BDT">
          <reporter-output>
          </reporter-output>
        </test-method> <!-- tearDown -->
      </class> <!-- auntor.project.testCases.LoginModule.loginModuleTest -->
    </test> <!-- generalStoreEcommerceApp -->
  </suite> <!-- General Store -->
</testng-results>
